# JRE version: Java(TM) SE Runtime Environment (13.0.2+8) (build 13.0.2+8)
# Java VM: Java HotSpot(TM) 64-Bit Server VM (13.0.2+8, mixed mode, sharing, tiered, compressed oops, g1 gc, windows-amd64)
Heap:
 garbage-first heap   total 388096K, used 230400K [0x00000000c2000000, 0x0000000100000000)
  region size 1024K, 18 young (18432K), 5 survivors (5120K)
 Metaspace       used 1185K, capacity 5005K, committed 5120K, reserved 1056768K
  class space    used 109K, capacity 476K, committed 512K, reserved 1048576K
GC Heap History (20 events):
Event: 3.673 GC heap before
{Heap before GC invocations=6 (full 0):
 garbage-first heap   total 91136K, used 53760K [0x00000000c2000000, 0x0000000100000000)
  region size 1024K, 8 young (8192K), 2 survivors (2048K)
 Metaspace       used 1185K, capacity 5005K, committed 5120K, reserved 1056768K
  class space    used 109K, capacity 476K, committed 512K, reserved 1048576K
}
Event: 3.694 GC heap after
{Heap after GC invocations=7 (full 0):
 garbage-first heap   total 91136K, used 53760K [0x00000000c2000000, 0x0000000100000000)
  region size 1024K, 1 young (1024K), 1 survivors (1024K)
 Metaspace       used 1185K, capacity 5005K, committed 5120K, reserved 1056768K
  class space    used 109K, capacity 476K, committed 512K, reserved 1048576K
}
Event: 3.741 GC heap before
{Heap before GC invocations=8 (full 0):
 garbage-first heap   total 91136K, used 61952K [0x00000000c2000000, 0x0000000100000000)
  region size 1024K, 9 young (9216K), 1 survivors (1024K)
 Metaspace       used 1185K, capacity 5005K, committed 5120K, reserved 1056768K
  class space    used 109K, capacity 476K, committed 512K, reserved 1048576K
}
Event: 3.765 GC heap after
{Heap after GC invocations=9 (full 0):
 garbage-first heap   total 91136K, used 61440K [0x00000000c2000000, 0x0000000100000000)
  region size 1024K, 2 young (2048K), 2 survivors (2048K)
 Metaspace       used 1185K, capacity 5005K, committed 5120K, reserved 1056768K
  class space    used 109K, capacity 476K, committed 512K, reserved 1048576K
}
Event: 3.779 GC heap before
{Heap before GC invocations=9 (full 0):
 garbage-first heap   total 91136K, used 67584K [0x00000000c2000000, 0x0000000100000000)
  region size 1024K, 8 young (8192K), 2 survivors (2048K)
 Metaspace       used 1185K, capacity 5005K, committed 5120K, reserved 1056768K
  class space    used 109K, capacity 476K, committed 512K, reserved 1048576K
}
Event: 3.799 GC heap after
{Heap after GC invocations=10 (full 0):
 garbage-first heap   total 136192K, used 67584K [0x00000000c2000000, 0x0000000100000000)
  region size 1024K, 1 young (1024K), 1 survivors (1024K)
 Metaspace       used 1185K, capacity 5005K, committed 5120K, reserved 1056768K
  class space    used 109K, capacity 476K, committed 512K, reserved 1048576K
}
Event: 3.845 GC heap before
{Heap before GC invocations=10 (full 0):
 garbage-first heap   total 136192K, used 83968K [0x00000000c2000000, 0x0000000100000000)
  region size 1024K, 17 young (17408K), 1 survivors (1024K)
 Metaspace       used 1185K, capacity 5005K, committed 5120K, reserved 1056768K
  class space    used 109K, capacity 476K, committed 512K, reserved 1048576K
}
Event: 3.870 GC heap after
{Heap after GC invocations=11 (full 0):
 garbage-first heap   total 136192K, used 82944K [0x00000000c2000000, 0x0000000100000000)
  region size 1024K, 3 young (3072K), 3 survivors (3072K)
 Metaspace       used 1185K, capacity 5005K, committed 5120K, reserved 1056768K
  class space    used 109K, capacity 476K, committed 512K, reserved 1048576K
}
Event: 3.893 GC heap before
{Heap before GC invocations=11 (full 0):
 garbage-first heap   total 136192K, used 95232K [0x00000000c2000000, 0x0000000100000000)
  region size 1024K, 15 young (15360K), 3 survivors (3072K)
 Metaspace       used 1185K, capacity 5005K, committed 5120K, reserved 1056768K
  class space    used 109K, capacity 476K, committed 512K, reserved 1048576K
}
Event: 3.912 GC heap after
{Heap after GC invocations=12 (full 0):
 garbage-first heap   total 136192K, used 94720K [0x00000000c2000000, 0x0000000100000000)
  region size 1024K, 2 young (2048K), 2 survivors (2048K)
 Metaspace       used 1185K, capacity 5005K, committed 5120K, reserved 1056768K
  class space    used 109K, capacity 476K, committed 512K, reserved 1048576K
}
Event: 3.928 GC heap before
{Heap before GC invocations=12 (full 0):
 garbage-first heap   total 136192K, used 102912K [0x00000000c2000000, 0x0000000100000000)
  region size 1024K, 10 young (10240K), 2 survivors (2048K)
 Metaspace       used 1185K, capacity 5005K, committed 5120K, reserved 1056768K
  class space    used 109K, capacity 476K, committed 512K, reserved 1048576K
}
Event: 3.943 GC heap after
{Heap after GC invocations=13 (full 0):
 garbage-first heap   total 136192K, used 102912K [0x00000000c2000000, 0x0000000100000000)
  region size 1024K, 2 young (2048K), 2 survivors (2048K)
 Metaspace       used 1185K, capacity 5005K, committed 5120K, reserved 1056768K
  class space    used 109K, capacity 476K, committed 512K, reserved 1048576K
}
Event: 3.956 GC heap before
{Heap before GC invocations=13 (full 0):
 garbage-first heap   total 136192K, used 108032K [0x00000000c2000000, 0x0000000100000000)
  region size 1024K, 7 young (7168K), 2 survivors (2048K)
 Metaspace       used 1185K, capacity 5005K, committed 5120K, reserved 1056768K
  class space    used 109K, capacity 476K, committed 512K, reserved 1048576K
}
Event: 3.972 GC heap after
{Heap after GC invocations=14 (full 0):
 garbage-first heap   total 312320K, used 108032K [0x00000000c2000000, 0x0000000100000000)
  region size 1024K, 1 young (1024K), 1 survivors (1024K)
 Metaspace       used 1185K, capacity 5005K, committed 5120K, reserved 1056768K
  class space    used 109K, capacity 476K, committed 512K, reserved 1048576K
}
Event: 4.127 GC heap before
{Heap before GC invocations=14 (full 0):
 garbage-first heap   total 312320K, used 161280K [0x00000000c2000000, 0x0000000100000000)
  region size 1024K, 53 young (54272K), 1 survivors (1024K)
 Metaspace       used 1185K, capacity 5005K, committed 5120K, reserved 1056768K
  class space    used 109K, capacity 476K, committed 512K, reserved 1048576K
}
Event: 4.204 GC heap after
{Heap after GC invocations=15 (full 0):
 garbage-first heap   total 312320K, used 156993K [0x00000000c2000000, 0x0000000100000000)
  region size 1024K, 7 young (7168K), 7 survivors (7168K)
 Metaspace       used 1185K, capacity 5005K, committed 5120K, reserved 1056768K
  class space    used 109K, capacity 476K, committed 512K, reserved 1048576K
}
Event: 4.321 GC heap before
{Heap before GC invocations=16 (full 0):
 garbage-first heap   total 312320K, used 195905K [0x00000000c2000000, 0x0000000100000000)
  region size 1024K, 45 young (46080K), 7 survivors (7168K)
 Metaspace       used 1185K, capacity 5005K, committed 5120K, reserved 1056768K
  class space    used 109K, capacity 476K, committed 512K, reserved 1048576K
}
Event: 4.383 GC heap after
{Heap after GC invocations=17 (full 0):
 garbage-first heap   total 312320K, used 193024K [0x00000000c2000000, 0x0000000100000000)
  region size 1024K, 6 young (6144K), 6 survivors (6144K)
 Metaspace       used 1185K, capacity 5005K, committed 5120K, reserved 1056768K
  class space    used 109K, capacity 476K, committed 512K, reserved 1048576K
}
Event: 4.435 GC heap before
{Heap before GC invocations=17 (full 0):
 garbage-first heap   total 312320K, used 220672K [0x00000000c2000000, 0x0000000100000000)
  region size 1024K, 33 young (33792K), 6 survivors (6144K)
 Metaspace       used 1185K, capacity 5005K, committed 5120K, reserved 1056768K
  class space    used 109K, capacity 476K, committed 512K, reserved 1048576K
}
Event: 4.489 GC heap after
{Heap after GC invocations=18 (full 0):
 garbage-first heap   total 312320K, used 219136K [0x00000000c2000000, 0x0000000100000000)
  region size 1024K, 5 young (5120K), 5 survivors (5120K)
 Metaspace       used 1185K, capacity 5005K, committed 5120K, reserved 1056768K
  class space    used 109K, capacity 476K, committed 512K, reserved 1048576K
}

